2025-01-29 19:52:15,832 - INFO - Configuration loaded successfully
2025-01-29 19:52:15,832 - INFO - Starting Calendar Sync application
2025-01-29 19:52:31,253 - INFO - Starting calendar sync
2025-01-29 19:52:31,254 - INFO - Google authentication successful
2025-01-29 19:52:31,256 - INFO - file_cache is only supported with oauth2client<4.0.0
2025-01-29 19:52:36,418 - INFO - Starting O365 authentication
2025-01-29 19:53:14,431 - INFO - O365 authentication successful
2025-01-29 19:53:29,286 - ERROR - Error retrieving O365 events: 401 Client Error: Unauthorized for url: https://graph.microsoft.com/v1.0/me/events
2025-01-29 19:53:29,332 - ERROR - Failed to sync event Mac: 401 Client Error: Unauthorized for url: https://graph.microsoft.com/v1.0/me/events
2025-01-29 19:53:29,374 - ERROR - Failed to sync event Noah: 401 Client Error: Unauthorized for url: https://graph.microsoft.com/v1.0/me/events
2025-01-29 19:53:29,416 - ERROR - Failed to sync event Personal Capital Transaction Categorization: 401 Client Error: Unauthorized for url: https://graph.microsoft.com/v1.0/me/events
2025-01-29 19:53:29,464 - ERROR - Failed to sync event Basketball camp mac : 401 Client Error: Unauthorized for url: https://graph.microsoft.com/v1.0/me/events
2025-01-29 19:53:29,507 - ERROR - Failed to sync event Mac: 401 Client Error: Unauthorized for url: https://graph.microsoft.com/v1.0/me/events
2025-01-29 19:53:29,559 - ERROR - Failed to sync event Team Meeting: 401 Client Error: Unauthorized for url: https://graph.microsoft.com/v1.0/me/events
2025-01-29 19:53:29,603 - ERROR - Failed to sync event Noah: 401 Client Error: Unauthorized for url: https://graph.microsoft.com/v1.0/me/events
2025-01-29 19:53:29,642 - ERROR - Failed to sync event Paige - Sub (Kara): 401 Client Error: Unauthorized for url: https://graph.microsoft.com/v1.0/me/events
2025-01-29 19:53:29,690 - ERROR - Failed to sync event Noah: 401 Client Error: Unauthorized for url: https://graph.microsoft.com/v1.0/me/events
2025-01-29 19:53:29,737 - ERROR - Failed to sync event Paige cookie class: 401 Client Error: Unauthorized for url: https://graph.microsoft.com/v1.0/me/events
2025-01-29 19:53:29,779 - ERROR - Failed to sync event Paige - Cookie Class: 401 Client Error: Unauthorized for url: https://graph.microsoft.com/v1.0/me/events
2025-01-29 19:53:29,827 - ERROR - Failed to sync event Team Meeting: 401 Client Error: Unauthorized for url: https://graph.microsoft.com/v1.0/me/events
2025-01-29 19:53:29,876 - ERROR - Failed to sync event Noah: 401 Client Error: Unauthorized for url: https://graph.microsoft.com/v1.0/me/events
2025-01-29 19:53:29,920 - ERROR - Failed to sync event Noah: 401 Client Error: Unauthorized for url: https://graph.microsoft.com/v1.0/me/events
2025-01-29 19:53:29,965 - ERROR - Failed to sync event Little saints book club: 401 Client Error: Unauthorized for url: https://graph.microsoft.com/v1.0/me/events
2025-01-29 19:53:30,010 - ERROR - Failed to sync event Mac: 401 Client Error: Unauthorized for url: https://graph.microsoft.com/v1.0/me/events
2025-01-29 19:53:30,465 - ERROR - Failed to sync event No School (Unknown): 401 Client Error: Unauthorized for url: https://graph.microsoft.com/v1.0/me/events
2025-01-29 19:53:30,509 - ERROR - Failed to sync event Team Meeting: 401 Client Error: Unauthorized for url: https://graph.microsoft.com/v1.0/me/events
2025-01-29 19:53:30,557 - ERROR - Failed to sync event Noah: 401 Client Error: Unauthorized for url: https://graph.microsoft.com/v1.0/me/events
2025-01-29 19:53:30,603 - ERROR - Failed to sync event Noah: 401 Client Error: Unauthorized for url: https://graph.microsoft.com/v1.0/me/events
2025-01-29 19:53:30,649 - ERROR - Failed to sync event Amazon Due Date: 401 Client Error: Unauthorized for url: https://graph.microsoft.com/v1.0/me/events
2025-01-29 19:53:30,694 - ERROR - Failed to sync event Mortgate Due Date: 401 Client Error: Unauthorized for url: https://graph.microsoft.com/v1.0/me/events
2025-01-29 19:53:30,736 - ERROR - Failed to sync event Amazon Due Date: 401 Client Error: Unauthorized for url: https://graph.microsoft.com/v1.0/me/events
2025-01-29 19:53:30,783 - ERROR - Failed to sync event CapitalOne Due Date: 401 Client Error: Unauthorized for url: https://graph.microsoft.com/v1.0/me/events
2025-01-29 19:53:30,829 - ERROR - Failed to sync event Mac: 401 Client Error: Unauthorized for url: https://graph.microsoft.com/v1.0/me/events
2025-01-29 19:53:30,877 - ERROR - Failed to sync event Team Meeting: 401 Client Error: Unauthorized for url: https://graph.microsoft.com/v1.0/me/events
2025-01-29 19:53:30,919 - ERROR - Failed to sync event VA mental health appt: 401 Client Error: Unauthorized for url: https://graph.microsoft.com/v1.0/me/events
2025-01-29 19:53:30,959 - ERROR - Failed to sync event Noah: 401 Client Error: Unauthorized for url: https://graph.microsoft.com/v1.0/me/events
2025-01-29 19:53:30,998 - ERROR - Failed to sync event Noah: 401 Client Error: Unauthorized for url: https://graph.microsoft.com/v1.0/me/events
2025-01-29 19:53:31,043 - ERROR - Failed to sync event Personal Capital Transaction Categorization: 401 Client Error: Unauthorized for url: https://graph.microsoft.com/v1.0/me/events
2025-01-29 19:53:31,085 - ERROR - Failed to sync event Kids consignment Paducah - work go in early to shop 1/2 off: 401 Client Error: Unauthorized for url: https://graph.microsoft.com/v1.0/me/events
2025-01-29 19:53:31,127 - ERROR - Failed to sync event Mac: 401 Client Error: Unauthorized for url: https://graph.microsoft.com/v1.0/me/events
2025-01-29 19:53:31,176 - ERROR - Failed to sync event No School (Unknown): 401 Client Error: Unauthorized for url: https://graph.microsoft.com/v1.0/me/events
2025-01-29 19:53:31,220 - ERROR - Failed to sync event Team Meeting: 401 Client Error: Unauthorized for url: https://graph.microsoft.com/v1.0/me/events
2025-01-29 19:53:31,270 - ERROR - Failed to sync event Team Meeting: 401 Client Error: Unauthorized for url: https://graph.microsoft.com/v1.0/me/events
2025-01-29 19:53:31,311 - ERROR - Failed to sync event Colten Krelo's birthday: 401 Client Error: Unauthorized for url: https://graph.microsoft.com/v1.0/me/events
2025-01-29 19:53:31,351 - ERROR - Failed to sync event Team Meeting: 401 Client Error: Unauthorized for url: https://graph.microsoft.com/v1.0/me/events
2025-01-29 19:53:31,392 - ERROR - Failed to sync event Mom's birthday: 401 Client Error: Unauthorized for url: https://graph.microsoft.com/v1.0/me/events
2025-01-29 19:53:31,427 - ERROR - Failed to sync event Friday!!: 401 Client Error: Unauthorized for url: https://graph.microsoft.com/v1.0/me/events
2025-01-29 19:53:31,467 - ERROR - Failed to sync event Mortgate Due Date: 401 Client Error: Unauthorized for url: https://graph.microsoft.com/v1.0/me/events
2025-01-29 19:53:31,511 - ERROR - Failed to sync event Amazon Due Date: 401 Client Error: Unauthorized for url: https://graph.microsoft.com/v1.0/me/events
2025-01-29 19:53:31,561 - ERROR - Failed to sync event Paige - Sub: 401 Client Error: Unauthorized for url: https://graph.microsoft.com/v1.0/me/events
2025-01-29 19:53:31,601 - ERROR - Failed to sync event CapitalOne Due Date: 401 Client Error: Unauthorized for url: https://graph.microsoft.com/v1.0/me/events
2025-01-29 19:53:31,643 - ERROR - Failed to sync event Team Meeting: 401 Client Error: Unauthorized for url: https://graph.microsoft.com/v1.0/me/events
2025-01-29 19:53:31,684 - ERROR - Failed to sync event Mac's Birthday (Marley's Day): 401 Client Error: Unauthorized for url: https://graph.microsoft.com/v1.0/me/events
2025-01-29 19:53:31,724 - ERROR - Failed to sync event Mac: 401 Client Error: Unauthorized for url: https://graph.microsoft.com/v1.0/me/events
2025-01-29 19:53:31,763 - ERROR - Failed to sync event Personal Capital Transaction Categorization: 401 Client Error: Unauthorized for url: https://graph.microsoft.com/v1.0/me/events
2025-01-29 19:53:31,801 - ERROR - Failed to sync event Anniversary: 401 Client Error: Unauthorized for url: https://graph.microsoft.com/v1.0/me/events
2025-01-29 19:53:31,846 - ERROR - Failed to sync event Anniversary!: 401 Client Error: Unauthorized for url: https://graph.microsoft.com/v1.0/me/events
2025-01-29 19:53:31,897 - ERROR - Failed to sync event Team Meeting: 401 Client Error: Unauthorized for url: https://graph.microsoft.com/v1.0/me/events
2025-01-29 19:53:31,956 - ERROR - Failed to sync event Team Meeting: 401 Client Error: Unauthorized for url: https://graph.microsoft.com/v1.0/me/events
2025-01-29 19:53:32,024 - ERROR - Failed to sync event  Early Dismissal 2PM: 401 Client Error: Unauthorized for url: https://graph.microsoft.com/v1.0/me/events
2025-01-29 19:53:32,093 - ERROR - Failed to sync event Team Meeting: 401 Client Error: Unauthorized for url: https://graph.microsoft.com/v1.0/me/events
2025-01-29 19:53:32,146 - ERROR - Failed to sync event `: 401 Client Error: Unauthorized for url: https://graph.microsoft.com/v1.0/me/events
2025-01-29 19:53:32,195 - ERROR - Failed to sync event Our Holiday: 401 Client Error: Unauthorized for url: https://graph.microsoft.com/v1.0/me/events
2025-01-29 19:53:32,243 - ERROR - Failed to sync event Mortgate Due Date: 401 Client Error: Unauthorized for url: https://graph.microsoft.com/v1.0/me/events
2025-01-29 19:53:32,289 - ERROR - Failed to sync event Amazon Due Date: 401 Client Error: Unauthorized for url: https://graph.microsoft.com/v1.0/me/events
2025-01-29 19:53:32,326 - ERROR - Failed to sync event Team Meeting: 401 Client Error: Unauthorized for url: https://graph.microsoft.com/v1.0/me/events
2025-01-29 19:53:32,368 - ERROR - Failed to sync event CapitalOne Due Date: 401 Client Error: Unauthorized for url: https://graph.microsoft.com/v1.0/me/events
2025-01-29 19:53:32,408 - ERROR - Failed to sync event Mac Dentist Appt: 401 Client Error: Unauthorized for url: https://graph.microsoft.com/v1.0/me/events
2025-01-29 19:53:32,452 - ERROR - Failed to sync event Mac dentist whetherall: 401 Client Error: Unauthorized for url: https://graph.microsoft.com/v1.0/me/events
2025-01-29 19:53:32,498 - ERROR - Failed to sync event Paige / Theo Dentist Appt: 401 Client Error: Unauthorized for url: https://graph.microsoft.com/v1.0/me/events
2025-01-29 19:53:32,550 - ERROR - Failed to sync event Me & Theo dentist : 401 Client Error: Unauthorized for url: https://graph.microsoft.com/v1.0/me/events
2025-01-29 19:53:32,609 - ERROR - Failed to sync event Team Meeting: 401 Client Error: Unauthorized for url: https://graph.microsoft.com/v1.0/me/events
2025-01-29 19:53:32,667 - ERROR - Failed to sync event Personal Capital Transaction Categorization: 401 Client Error: Unauthorized for url: https://graph.microsoft.com/v1.0/me/events
2025-01-29 19:53:32,742 - ERROR - Failed to sync event Mac: 401 Client Error: Unauthorized for url: https://graph.microsoft.com/v1.0/me/events
2025-01-29 19:53:32,815 - ERROR - Failed to sync event Team Meeting: 401 Client Error: Unauthorized for url: https://graph.microsoft.com/v1.0/me/events
2025-01-29 19:53:32,887 - ERROR - Failed to sync event VGS Art Show: 401 Client Error: Unauthorized for url: https://graph.microsoft.com/v1.0/me/events
2025-01-29 19:53:32,949 - ERROR - Failed to sync event Team Meeting: 401 Client Error: Unauthorized for url: https://graph.microsoft.com/v1.0/me/events
2025-01-29 19:53:33,022 - ERROR - Failed to sync event Florida Trip: 401 Client Error: Unauthorized for url: https://graph.microsoft.com/v1.0/me/events
2025-01-29 19:53:33,141 - ERROR - Failed to sync event Team Meeting: 401 Client Error: Unauthorized for url: https://graph.microsoft.com/v1.0/me/events
2025-01-29 19:53:33,246 - ERROR - Failed to sync event Mortgate Due Date: 401 Client Error: Unauthorized for url: https://graph.microsoft.com/v1.0/me/events
2025-01-29 19:53:33,340 - ERROR - Failed to sync event Amazon Due Date: 401 Client Error: Unauthorized for url: https://graph.microsoft.com/v1.0/me/events
2025-01-29 19:53:33,388 - ERROR - Failed to sync event CapitalOne Due Date: 401 Client Error: Unauthorized for url: https://graph.microsoft.com/v1.0/me/events
2025-01-29 19:53:33,439 - ERROR - Failed to sync event Mac - Lincoln's Birthday: 401 Client Error: Unauthorized for url: https://graph.microsoft.com/v1.0/me/events
2025-01-29 19:53:33,488 - ERROR - Failed to sync event Team Meeting: 401 Client Error: Unauthorized for url: https://graph.microsoft.com/v1.0/me/events
2025-01-29 19:53:33,529 - ERROR - Failed to sync event Personal Capital Transaction Categorization: 401 Client Error: Unauthorized for url: https://graph.microsoft.com/v1.0/me/events
2025-01-29 19:53:33,569 - ERROR - Failed to sync event Paige's Birthday!: 401 Client Error: Unauthorized for url: https://graph.microsoft.com/v1.0/me/events
2025-01-29 19:53:33,611 - ERROR - Failed to sync event Team Meeting: 401 Client Error: Unauthorized for url: https://graph.microsoft.com/v1.0/me/events
2025-01-29 19:53:33,651 - ERROR - Failed to sync event Mac: 401 Client Error: Unauthorized for url: https://graph.microsoft.com/v1.0/me/events
2025-01-29 19:53:33,693 - ERROR - Failed to sync event Team Meeting: 401 Client Error: Unauthorized for url: https://graph.microsoft.com/v1.0/me/events
2025-01-29 19:53:33,735 - ERROR - Failed to sync event Team Meeting: 401 Client Error: Unauthorized for url: https://graph.microsoft.com/v1.0/me/events
2025-01-29 19:53:33,778 - ERROR - Failed to sync event Pictures Broadway: 401 Client Error: Unauthorized for url: https://graph.microsoft.com/v1.0/me/events
2025-01-29 19:53:33,821 - ERROR - Failed to sync event Pictures on Broadway: 401 Client Error: Unauthorized for url: https://graph.microsoft.com/v1.0/me/events
2025-01-29 19:53:33,867 - ERROR - Failed to sync event Mortgate Due Date: 401 Client Error: Unauthorized for url: https://graph.microsoft.com/v1.0/me/events
2025-01-29 19:53:33,909 - ERROR - Failed to sync event Amazon Due Date: 401 Client Error: Unauthorized for url: https://graph.microsoft.com/v1.0/me/events
2025-01-29 19:53:33,960 - ERROR - Failed to sync event CapitalOne Due Date: 401 Client Error: Unauthorized for url: https://graph.microsoft.com/v1.0/me/events
2025-01-29 19:53:34,005 - ERROR - Failed to sync event Team Meeting: 401 Client Error: Unauthorized for url: https://graph.microsoft.com/v1.0/me/events
2025-01-29 19:53:34,050 - ERROR - Failed to sync event Personal Capital Transaction Categorization: 401 Client Error: Unauthorized for url: https://graph.microsoft.com/v1.0/me/events
2025-01-29 19:53:34,096 - ERROR - Failed to sync event Team Meeting: 401 Client Error: Unauthorized for url: https://graph.microsoft.com/v1.0/me/events
2025-01-29 19:53:34,136 - ERROR - Failed to sync event Team Meeting: 401 Client Error: Unauthorized for url: https://graph.microsoft.com/v1.0/me/events
2025-01-29 19:53:34,183 - ERROR - Failed to sync event Mac: 401 Client Error: Unauthorized for url: https://graph.microsoft.com/v1.0/me/events
2025-01-29 19:53:34,225 - ERROR - Failed to sync event Team Meeting: 401 Client Error: Unauthorized for url: https://graph.microsoft.com/v1.0/me/events
2025-01-29 19:53:34,267 - ERROR - Failed to sync event Mortgate Due Date: 401 Client Error: Unauthorized for url: https://graph.microsoft.com/v1.0/me/events
2025-01-29 19:53:34,310 - ERROR - Failed to sync event Amazon Due Date: 401 Client Error: Unauthorized for url: https://graph.microsoft.com/v1.0/me/events
2025-01-29 19:53:34,350 - ERROR - Failed to sync event Team Meeting: 401 Client Error: Unauthorized for url: https://graph.microsoft.com/v1.0/me/events
2025-01-29 19:53:34,400 - ERROR - Failed to sync event CapitalOne Due Date: 401 Client Error: Unauthorized for url: https://graph.microsoft.com/v1.0/me/events
2025-01-29 19:53:34,444 - ERROR - Failed to sync event Team Meeting: 401 Client Error: Unauthorized for url: https://graph.microsoft.com/v1.0/me/events
2025-01-29 19:53:34,485 - ERROR - Failed to sync event Personal Capital Transaction Categorization: 401 Client Error: Unauthorized for url: https://graph.microsoft.com/v1.0/me/events
2025-01-29 19:53:34,528 - ERROR - Failed to sync event Team Meeting: 401 Client Error: Unauthorized for url: https://graph.microsoft.com/v1.0/me/events
2025-01-29 19:53:34,531 - INFO - Sync completed successfully
